Content-Type: multipart/alternative;
 boundary="===============6212507569084644388=="
MIME-Version: 1.0
Subject: Sign Up
From: ASP@HealthAutority.com
To: AberdeenClin@test.nl
Date: Sat, 01 Dec 2018 08:09:00 -0000
Message-ID: <154365174086.61.18221306295377999282@LAPTOP-E59JJ933.localdomain>

--===============6212507569084644388==
Content-Type: text/plain; charset="utf-8"
MIME-Version: 1.0
Content-Transfer-Encoding: 7bit

Hello,

Hereby you are invited to join the ASP system.
With the following token you can create an account: bee2def8918e096bc7a35f6b015d671c08b749ce
Go to http://127.0.0.1:8000/users/validate_token/ to validate the token.

Kind regards,
Admin
--===============6212507569084644388==
Content-Type: text/html; charset="utf-8"
MIME-Version: 1.0
Content-Transfer-Encoding: 7bit

Hello,

Hereby you are invited to join the ASP system.
With the following token you can create an account: bee2def8918e096bc7a35f6b015d671c08b749ce
Go to http://127.0.0.1:8000/users/validate_token/ to validate the token.

Kind regards,
Admin
--===============6212507569084644388==--

-------------------------------------------------------------------------------
