Content-Type: multipart/alternative;
 boundary="===============4210014867406373952=="
MIME-Version: 1.0
Subject: Sign Up
From: ASP@HealthAutority.com
To: forOnce@gmail.com
Date: Sat, 01 Dec 2018 06:28:59 -0000
Message-ID: <154364573985.14736.4775397884826953328@LAPTOP-Q36KHC9E>

--===============4210014867406373952==
Content-Type: text/plain; charset="utf-8"
MIME-Version: 1.0
Content-Transfer-Encoding: 7bit

Hello,

Hereby you are invited to join the ASP system.
With the following token you can create an account: 2516c00c6dc275b9123198c4158dd582f58b2de5
Go to http://127.0.0.1:8000/users/validate_token/ to validate the token.

Kind regards,
Admin
--===============4210014867406373952==
Content-Type: text/html; charset="utf-8"
MIME-Version: 1.0
Content-Transfer-Encoding: 7bit

Hello,

Hereby you are invited to join the ASP system.
With the following token you can create an account: 2516c00c6dc275b9123198c4158dd582f58b2de5
Go to http://127.0.0.1:8000/users/validate_token/ to validate the token.

Kind regards,
Admin
--===============4210014867406373952==--

-------------------------------------------------------------------------------
