Content-Type: multipart/alternative;
 boundary="===============4875291252237626353=="
MIME-Version: 1.0
Subject: Sign Up
From: ASP@HealthAutority.com
To: tryout@gmail.com
Date: Thu, 29 Nov 2018 07:45:45 -0000
Message-ID: <154347754570.3012.3377056600582045009@LAPTOP-Q36KHC9E>

--===============4875291252237626353==
Content-Type: text/plain; charset="utf-8"
MIME-Version: 1.0
Content-Transfer-Encoding: 7bit

Hello,

Hereby you are invited to join the ASP system.
With the following token you can create an account: 3d6672bb89cd7224ba1e2141383f4955c63c012a
Go to http://127.0.0.1:8000/users/validate_token/ to validate the token.

Kind regards,
Admin
--===============4875291252237626353==
Content-Type: text/html; charset="utf-8"
MIME-Version: 1.0
Content-Transfer-Encoding: 7bit

Hello,

Hereby you are invited to join the ASP system.
With the following token you can create an account: 3d6672bb89cd7224ba1e2141383f4955c63c012a
Go to http://127.0.0.1:8000/users/validate_token/ to validate the token.

Kind regards,
Admin
--===============4875291252237626353==--

-------------------------------------------------------------------------------
