Content-Type: multipart/alternative;
 boundary="===============3361186146304967886=="
MIME-Version: 1.0
Subject: Sign Up
From: ASP@HealthAutority.com
To: ApLeiChauClin@test.nl
Date: Sat, 01 Dec 2018 08:09:27 -0000
Message-ID: <154365176770.61.8697359417823667390@LAPTOP-E59JJ933.localdomain>

--===============3361186146304967886==
Content-Type: text/plain; charset="utf-8"
MIME-Version: 1.0
Content-Transfer-Encoding: 7bit

Hello,

Hereby you are invited to join the ASP system.
With the following token you can create an account: a894fbfa65c5c931c74f7fc4cb272e281295c097
Go to http://127.0.0.1:8000/users/validate_token/ to validate the token.

Kind regards,
Admin
--===============3361186146304967886==
Content-Type: text/html; charset="utf-8"
MIME-Version: 1.0
Content-Transfer-Encoding: 7bit

Hello,

Hereby you are invited to join the ASP system.
With the following token you can create an account: a894fbfa65c5c931c74f7fc4cb272e281295c097
Go to http://127.0.0.1:8000/users/validate_token/ to validate the token.

Kind regards,
Admin
--===============3361186146304967886==--

-------------------------------------------------------------------------------
