Content-Type: multipart/alternative;
 boundary="===============3845528660391546132=="
MIME-Version: 1.0
Subject: Sign Up
From: ASP@HealthAutority.com
To: tryout@gmail.com
Date: Thu, 29 Nov 2018 08:02:29 -0000
Message-ID: <154347854972.7568.14329445105261642070@LAPTOP-Q36KHC9E>

--===============3845528660391546132==
Content-Type: text/plain; charset="utf-8"
MIME-Version: 1.0
Content-Transfer-Encoding: 7bit

Hello,

Hereby you are invited to join the ASP system.
With the following token you can create an account: 963c507ac4285e3f17ff97d465fe227a70bdc72a
Go to http://127.0.0.1:8000/users/validate_token/ to validate the token.

Kind regards,
Admin
--===============3845528660391546132==
Content-Type: text/html; charset="utf-8"
MIME-Version: 1.0
Content-Transfer-Encoding: 7bit

Hello,

Hereby you are invited to join the ASP system.
With the following token you can create an account: 963c507ac4285e3f17ff97d465fe227a70bdc72a
Go to http://127.0.0.1:8000/users/validate_token/ to validate the token.

Kind regards,
Admin
--===============3845528660391546132==--

-------------------------------------------------------------------------------
