Content-Type: multipart/alternative;
 boundary="===============0390520310241372964=="
MIME-Version: 1.0
Subject: Sign Up
From: ASP@HealthAutority.com
To: newuser@test.nl
Date: Sat, 01 Dec 2018 08:27:59 -0000
Message-ID: <154365287945.485.2862179470184268550@LAPTOP-E59JJ933.localdomain>

--===============0390520310241372964==
Content-Type: text/plain; charset="utf-8"
MIME-Version: 1.0
Content-Transfer-Encoding: 7bit

Hello,

Hereby you are invited to join the ASP system.
With the following token you can create an account: 29398dcf2c117b464f0d940723e2b8a64cbfe5e7
Go to http://127.0.0.1:8000/users/validate_token/ to validate the token.

Kind regards,
Admin
--===============0390520310241372964==
Content-Type: text/html; charset="utf-8"
MIME-Version: 1.0
Content-Transfer-Encoding: 7bit

Hello,

Hereby you are invited to join the ASP system.
With the following token you can create an account: 29398dcf2c117b464f0d940723e2b8a64cbfe5e7
Go to http://127.0.0.1:8000/users/validate_token/ to validate the token.

Kind regards,
Admin
--===============0390520310241372964==--

-------------------------------------------------------------------------------
