Content-Type: multipart/alternative;
 boundary="===============8721844592091519461=="
MIME-Version: 1.0
Subject: Sign Up
From: ASP@HealthAutority.com
To: welcome@gmail.com
Date: Sat, 01 Dec 2018 07:05:22 -0000
Message-ID: <154364792266.14684.5360510628178697945@LAPTOP-Q36KHC9E>

--===============8721844592091519461==
Content-Type: text/plain; charset="utf-8"
MIME-Version: 1.0
Content-Transfer-Encoding: 7bit

Hello,

Hereby you are invited to join the ASP system.
With the following token you can create an account: 8dcd16e07dbd5fdc394245e01f370c40ad7d1afb
Go to http://127.0.0.1:8000/users/validate_token/ to validate the token.

Kind regards,
Admin
--===============8721844592091519461==
Content-Type: text/html; charset="utf-8"
MIME-Version: 1.0
Content-Transfer-Encoding: 7bit

Hello,

Hereby you are invited to join the ASP system.
With the following token you can create an account: 8dcd16e07dbd5fdc394245e01f370c40ad7d1afb
Go to http://127.0.0.1:8000/users/validate_token/ to validate the token.

Kind regards,
Admin
--===============8721844592091519461==--

-------------------------------------------------------------------------------
