Content-Type: multipart/alternative;
 boundary="===============1100813287255339243=="
MIME-Version: 1.0
Subject: Sign Up
From: ASP@HealthAutority.com
To: clinic@clinic.nl
Date: Sat, 01 Dec 2018 07:37:16 -0000
Message-ID: <154364983663.501.5841712303557650527@LAPTOP-E59JJ933.localdomain>

--===============1100813287255339243==
Content-Type: text/plain; charset="utf-8"
MIME-Version: 1.0
Content-Transfer-Encoding: 7bit

Hello,

Hereby you are invited to join the ASP system.
With the following token you can create an account: c1f2a8b1e6aeb36ca0421bf1a25e44d90f6e63e7
Go to http://127.0.0.1:8000/users/validate_token/ to validate the token.

Kind regards,
Admin
--===============1100813287255339243==
Content-Type: text/html; charset="utf-8"
MIME-Version: 1.0
Content-Transfer-Encoding: 7bit

Hello,

Hereby you are invited to join the ASP system.
With the following token you can create an account: c1f2a8b1e6aeb36ca0421bf1a25e44d90f6e63e7
Go to http://127.0.0.1:8000/users/validate_token/ to validate the token.

Kind regards,
Admin
--===============1100813287255339243==--

-------------------------------------------------------------------------------
