Content-Type: multipart/alternative;
 boundary="===============7114967242184211447=="
MIME-Version: 1.0
Subject: Sign Up
From: ASP@HealthAutority.com
To: wherehouse@test.nl
Date: Sat, 01 Dec 2018 08:14:07 -0000
Message-ID: <154365204708.61.12609200270837929262@LAPTOP-E59JJ933.localdomain>

--===============7114967242184211447==
Content-Type: text/plain; charset="utf-8"
MIME-Version: 1.0
Content-Transfer-Encoding: 7bit

Hello,

Hereby you are invited to join the ASP system.
With the following token you can create an account: 1f9f5ca3bd8f3ad4166f0931fafc3e092d27e464
Go to http://127.0.0.1:8000/users/validate_token/ to validate the token.

Kind regards,
Admin
--===============7114967242184211447==
Content-Type: text/html; charset="utf-8"
MIME-Version: 1.0
Content-Transfer-Encoding: 7bit

Hello,

Hereby you are invited to join the ASP system.
With the following token you can create an account: 1f9f5ca3bd8f3ad4166f0931fafc3e092d27e464
Go to http://127.0.0.1:8000/users/validate_token/ to validate the token.

Kind regards,
Admin
--===============7114967242184211447==--

-------------------------------------------------------------------------------
